2021-05-13 12:23:40,492 [ 1] INFO  Unity: Loading Manager Awake
2021-05-13 12:23:40,513 [ 1] INFO  Unity: DataManager > DataManager()
2021-05-13 12:23:53,151 [ 1] INFO  Unity: UserLoginRequest::user :maxt0214 psw:maxt0436
2021-05-13 12:23:53,152 [ 1] INFO  Unity: ConnectToServer() Start 
2021-05-13 12:23:53,153 [ 1] INFO  Unity: DoConnect
2021-05-13 12:23:53,155 [ 1] INFO  Unity: NetClient.DoConnect on 127.0.0.1:8000
2021-05-13 12:23:53,156 [ 1] INFO  Unity: Connect[0] to server 127.0.0.1:8000

2021-05-13 12:23:53,160 [ 1] INFO  Unity: LoadingMesager::OnGameServerConnect :0 reason:Success
2021-05-13 12:23:55,919 [ 1] INFO  Unity: OnUserLogin:Success [None]
2021-05-13 12:23:55,919 [ 1] INFO  Unity: Login Succeed! Tranferring to character creation scene!
2021-05-13 12:23:55,921 [ 1] INFO  Unity: LoadLevel: CharacterCreation
2021-05-13 12:23:56,120 [ 1] INFO  Unity: LevelLoadCompleted:1
2021-05-13 12:24:01,235 [ 1] INFO  Unity: UserEnterGameRequest::Character ID: 1
2021-05-13 12:24:01,412 [ 1] INFO  Unity: OnUserEnterGame:Success [None]
2021-05-13 12:24:01,414 [ 1] INFO  Unity: ItemManager:Init[Item[1] Count:10]
2021-05-13 12:24:01,415 [ 1] INFO  Unity: ItemManager:Init[Item[2] Count:10]
2021-05-13 12:24:01,415 [ 1] INFO  Unity: ItemManager:Init[Item[3] Count:5]
2021-05-13 12:24:01,435 [ 1] INFO  Unity: OnCharacterEnterMap:Map:1 Count:1
2021-05-13 12:24:01,436 [ 1] INFO  Unity: AddCharacter: 1: Elf Map: 1 Entity: (1:pos:(5000,4000,820),dir:(100,0,0),spd:0
2021-05-13 12:24:01,440 [ 1] INFO  Unity: LoadLevel: MainCity
2021-05-13 12:24:01,890 [ 1] INFO  Unity: Character[Elf] TID:3 ID:1 is created
2021-05-13 12:24:01,944 [ 1] INFO  Unity: LevelLoadCompleted:1
2021-05-13 12:24:02,992 [ 1] INFO  Unity: OnCharacterEnterMap:Map:1 Count:1
2021-05-13 12:24:02,993 [ 1] INFO  Unity: AddCharacter: 2: Old Bear Map: 1 Entity: (2:pos:(5000,4000,820),dir:(100,0,0),spd:0
2021-05-13 12:24:03,043 [ 1] INFO  Unity: Character[Old Bear] TID:2 ID:2 is created
2021-05-13 12:24:03,044 [ 1] INFO  Unity: OnFriendList
2021-05-13 12:24:11,360 [ 1] INFO  Unity: OnFriendList
2021-05-13 12:24:12,202 [ 1] INFO  Unity: SendInviteFriendToTeamResponse
2021-05-13 12:24:12,237 [ 1] INFO  Unity: OnFriendList
2021-05-13 12:24:12,240 [ 1] INFO  Unity: OnTeamInfo
2021-05-13 12:24:28,264 [ 1] INFO  Unity: MoveForward
2021-05-13 12:24:28,265 [ 1] INFO  Unity: MapEntitySnc Request: Entity ID:1 Pos:SkillBridge.Message.NVector3 Dir:SkillBridge.Message.NVector3 Spd:300 Event:MoveFwd
2021-05-13 12:24:28,645 [ 1] INFO  Unity: Stop
2021-05-13 12:24:28,645 [ 1] INFO  Unity: MapEntitySnc Request: Entity ID:1 Pos:SkillBridge.Message.NVector3 Dir:SkillBridge.Message.NVector3 Spd:0 Event:Idle
2021-05-13 12:24:29,126 [ 1] INFO  Unity: MoveForward
2021-05-13 12:24:29,126 [ 1] INFO  Unity: MapEntitySnc Request: Entity ID:1 Pos:SkillBridge.Message.NVector3 Dir:SkillBridge.Message.NVector3 Spd:300 Event:MoveFwd
2021-05-13 12:24:29,838 [ 1] INFO  Unity: SetDirection:(98, -18, 0)
2021-05-13 12:24:29,838 [ 1] INFO  Unity: MapEntitySnc Request: Entity ID:1 Pos:SkillBridge.Message.NVector3 Dir:SkillBridge.Message.NVector3 Spd:300 Event:None
2021-05-13 12:24:29,871 [ 1] INFO  Unity: Stop
2021-05-13 12:24:29,871 [ 1] INFO  Unity: MapEntitySnc Request: Entity ID:1 Pos:SkillBridge.Message.NVector3 Dir:SkillBridge.Message.NVector3 Spd:0 Event:Idle
2021-05-13 12:24:29,937 [ 1] INFO  Unity: SetDirection:(94, -35, 0)
2021-05-13 12:24:29,938 [ 1] INFO  Unity: MapEntitySnc Request: Entity ID:1 Pos:SkillBridge.Message.NVector3 Dir:SkillBridge.Message.NVector3 Spd:0 Event:None
2021-05-13 12:24:30,020 [ 1] INFO  Unity: SetDirection:(86, -51, 0)
2021-05-13 12:24:30,021 [ 1] INFO  Unity: MapEntitySnc Request: Entity ID:1 Pos:SkillBridge.Message.NVector3 Dir:SkillBridge.Message.NVector3 Spd:0 Event:None
2021-05-13 12:24:30,120 [ 1] INFO  Unity: SetDirection:(74, -68, 0)
2021-05-13 12:24:30,121 [ 1] INFO  Unity: MapEntitySnc Request: Entity ID:1 Pos:SkillBridge.Message.NVector3 Dir:SkillBridge.Message.NVector3 Spd:0 Event:None
2021-05-13 12:24:30,219 [ 1] INFO  Unity: SetDirection:(58, -81, 0)
2021-05-13 12:24:30,220 [ 1] INFO  Unity: MapEntitySnc Request: Entity ID:1 Pos:SkillBridge.Message.NVector3 Dir:SkillBridge.Message.NVector3 Spd:0 Event:None
2021-05-13 12:24:30,301 [ 1] INFO  Unity: SetDirection:(43, -90, 0)
2021-05-13 12:24:30,302 [ 1] INFO  Unity: MapEntitySnc Request: Entity ID:1 Pos:SkillBridge.Message.NVector3 Dir:SkillBridge.Message.NVector3 Spd:0 Event:None
2021-05-13 12:24:30,385 [ 1] INFO  Unity: SetDirection:(27, -96, 0)
2021-05-13 12:24:30,386 [ 1] INFO  Unity: MapEntitySnc Request: Entity ID:1 Pos:SkillBridge.Message.NVector3 Dir:SkillBridge.Message.NVector3 Spd:0 Event:None
2021-05-13 12:24:30,467 [ 1] INFO  Unity: SetDirection:(9, -100, 0)
2021-05-13 12:24:30,467 [ 1] INFO  Unity: MapEntitySnc Request: Entity ID:1 Pos:SkillBridge.Message.NVector3 Dir:SkillBridge.Message.NVector3 Spd:0 Event:None
2021-05-13 12:24:30,566 [ 1] INFO  Unity: SetDirection:(-11, -99, 0)
2021-05-13 12:24:30,567 [ 1] INFO  Unity: MapEntitySnc Request: Entity ID:1 Pos:SkillBridge.Message.NVector3 Dir:SkillBridge.Message.NVector3 Spd:0 Event:None
2021-05-13 12:24:30,667 [ 1] INFO  Unity: SetDirection:(-29, -96, 0)
2021-05-13 12:24:30,667 [ 1] INFO  Unity: MapEntitySnc Request: Entity ID:1 Pos:SkillBridge.Message.NVector3 Dir:SkillBridge.Message.NVector3 Spd:0 Event:None
2021-05-13 12:24:30,765 [ 1] INFO  Unity: SetDirection:(-48, -88, 0)
2021-05-13 12:24:30,766 [ 1] INFO  Unity: MapEntitySnc Request: Entity ID:1 Pos:SkillBridge.Message.NVector3 Dir:SkillBridge.Message.NVector3 Spd:0 Event:None
2021-05-13 12:24:30,865 [ 1] INFO  Unity: SetDirection:(-65, -76, 0)
2021-05-13 12:24:30,865 [ 1] INFO  Unity: MapEntitySnc Request: Entity ID:1 Pos:SkillBridge.Message.NVector3 Dir:SkillBridge.Message.NVector3 Spd:0 Event:None
2021-05-13 12:24:30,948 [ 1] INFO  Unity: SetDirection:(-77, -64, 0)
2021-05-13 12:24:30,948 [ 1] INFO  Unity: MapEntitySnc Request: Entity ID:1 Pos:SkillBridge.Message.NVector3 Dir:SkillBridge.Message.NVector3 Spd:0 Event:None
2021-05-13 12:24:31,047 [ 1] INFO  Unity: SetDirection:(-88, -48, 0)
2021-05-13 12:24:31,047 [ 1] INFO  Unity: MapEntitySnc Request: Entity ID:1 Pos:SkillBridge.Message.NVector3 Dir:SkillBridge.Message.NVector3 Spd:0 Event:None
2021-05-13 12:24:31,196 [ 1] INFO  Unity: SetDirection:(-95, -32, 0)
2021-05-13 12:24:31,197 [ 1] INFO  Unity: MapEntitySnc Request: Entity ID:1 Pos:SkillBridge.Message.NVector3 Dir:SkillBridge.Message.NVector3 Spd:0 Event:None
2021-05-13 12:24:32,376 [ 1] INFO  Unity: OnEntityChange: EntityID:2 Pos:SkillBridge.Message.NVector3 Dir:SkillBridge.Message.NVector3
2021-05-13 12:24:32,376 [ 1] INFO  Unity: MapEntitySyncResponse: NumOfEntity:1
   [2] EVENT:MoveFwd Entity:(2:pos:(5000,4000,820),dir:(100,0,0),spd:300

2021-05-13 12:24:32,377 [ 1] INFO  Unity: OnFriendList
2021-05-13 12:24:32,378 [ 1] INFO  Unity: OnTeamInfo
2021-05-13 12:24:33,086 [ 1] INFO  Unity: OnEntityChange: EntityID:2 Pos:SkillBridge.Message.NVector3 Dir:SkillBridge.Message.NVector3
2021-05-13 12:24:33,087 [ 1] INFO  Unity: MapEntitySyncResponse: NumOfEntity:1
   [2] EVENT:Idle Entity:(2:pos:(5205,4000,820),dir:(100,0,0),spd:0

2021-05-13 12:24:33,797 [ 1] INFO  Unity: OnEntityChange: EntityID:2 Pos:SkillBridge.Message.NVector3 Dir:SkillBridge.Message.NVector3
2021-05-13 12:24:33,798 [ 1] INFO  Unity: MapEntitySyncResponse: NumOfEntity:1
   [2] EVENT:None Entity:(2:pos:(5205,4000,820),dir:(98,-18,0),spd:0

2021-05-13 12:24:33,897 [ 1] INFO  Unity: OnEntityChange: EntityID:2 Pos:SkillBridge.Message.NVector3 Dir:SkillBridge.Message.NVector3
2021-05-13 12:24:33,898 [ 1] INFO  Unity: MapEntitySyncResponse: NumOfEntity:1
   [2] EVENT:None Entity:(2:pos:(5205,4000,820),dir:(93,-36,0),spd:0

2021-05-13 12:24:33,997 [ 1] INFO  Unity: OnEntityChange: EntityID:2 Pos:SkillBridge.Message.NVector3 Dir:SkillBridge.Message.NVector3
2021-05-13 12:24:33,998 [ 1] INFO  Unity: MapEntitySyncResponse: NumOfEntity:1
   [2] EVENT:None Entity:(2:pos:(5205,4000,820),dir:(84,-54,0),spd:0

2021-05-13 12:24:34,080 [ 1] INFO  Unity: OnEntityChange: EntityID:2 Pos:SkillBridge.Message.NVector3 Dir:SkillBridge.Message.NVector3
2021-05-13 12:24:34,081 [ 1] INFO  Unity: MapEntitySyncResponse: NumOfEntity:1
   [2] EVENT:MoveFwd Entity:(2:pos:(5205,4000,820),dir:(73,-68,0),spd:300

2021-05-13 12:24:34,112 [ 1] INFO  Unity: OnEntityChange: EntityID:2 Pos:SkillBridge.Message.NVector3 Dir:SkillBridge.Message.NVector3
2021-05-13 12:24:34,113 [ 1] INFO  Unity: MapEntitySyncResponse: NumOfEntity:1
   [2] EVENT:None Entity:(2:pos:(5213,3994,820),dir:(73,-68,0),spd:300

2021-05-13 12:24:34,179 [ 1] INFO  Unity: OnEntityChange: EntityID:2 Pos:SkillBridge.Message.NVector3 Dir:SkillBridge.Message.NVector3
2021-05-13 12:24:34,180 [ 1] INFO  Unity: MapEntitySyncResponse: NumOfEntity:1
   [2] EVENT:None Entity:(2:pos:(5229,3982,820),dir:(57,-82,0),spd:300

2021-05-13 12:24:34,279 [ 1] INFO  Unity: OnEntityChange: EntityID:2 Pos:SkillBridge.Message.NVector3 Dir:SkillBridge.Message.NVector3
2021-05-13 12:24:34,279 [ 1] INFO  Unity: MapEntitySyncResponse: NumOfEntity:1
   [2] EVENT:None Entity:(2:pos:(5247,3958,820),dir:(39,-92,0),spd:300

2021-05-13 12:24:34,378 [ 1] INFO  Unity: OnEntityChange: EntityID:2 Pos:SkillBridge.Message.NVector3 Dir:SkillBridge.Message.NVector3
2021-05-13 12:24:34,378 [ 1] INFO  Unity: MapEntitySyncResponse: NumOfEntity:1
   [2] EVENT:None Entity:(2:pos:(5259,3928,820),dir:(19,-98,0),spd:300

2021-05-13 12:24:34,478 [ 1] INFO  Unity: OnEntityChange: EntityID:2 Pos:SkillBridge.Message.NVector3 Dir:SkillBridge.Message.NVector3
2021-05-13 12:24:34,478 [ 1] INFO  Unity: MapEntitySyncResponse: NumOfEntity:1
   [2] EVENT:None Entity:(2:pos:(5265,3898,820),dir:(-1,-100,0),spd:300

2021-05-13 12:24:34,627 [ 1] INFO  Unity: OnEntityChange: EntityID:2 Pos:SkillBridge.Message.NVector3 Dir:SkillBridge.Message.NVector3
2021-05-13 12:24:34,627 [ 1] INFO  Unity: MapEntitySyncResponse: NumOfEntity:1
   [2] EVENT:None Entity:(2:pos:(5265,3853,820),dir:(-19,-98,0),spd:300

2021-05-13 12:24:35,305 [ 1] INFO  Unity: OnEntityChange: EntityID:2 Pos:SkillBridge.Message.NVector3 Dir:SkillBridge.Message.NVector3
2021-05-13 12:24:35,306 [ 1] INFO  Unity: MapEntitySyncResponse: NumOfEntity:1
   [2] EVENT:None Entity:(2:pos:(5224,3648,820),dir:(-36,-93,0),spd:300

2021-05-13 12:24:35,438 [ 1] INFO  Unity: OnEntityChange: EntityID:2 Pos:SkillBridge.Message.NVector3 Dir:SkillBridge.Message.NVector3
2021-05-13 12:24:35,439 [ 1] INFO  Unity: MapEntitySyncResponse: NumOfEntity:1
   [2] EVENT:Idle Entity:(2:pos:(5210,3613,820),dir:(-53,-85,0),spd:0

2021-05-13 12:24:35,471 [ 1] INFO  Unity: OnEntityChange: EntityID:2 Pos:SkillBridge.Message.NVector3 Dir:SkillBridge.Message.NVector3
2021-05-13 12:24:35,472 [ 1] INFO  Unity: MapEntitySyncResponse: NumOfEntity:1
   [2] EVENT:None Entity:(2:pos:(5210,3613,820),dir:(-53,-85,0),spd:0

2021-05-13 12:24:35,521 [ 1] INFO  Unity: OnEntityChange: EntityID:2 Pos:SkillBridge.Message.NVector3 Dir:SkillBridge.Message.NVector3
2021-05-13 12:24:35,522 [ 1] INFO  Unity: MapEntitySyncResponse: NumOfEntity:1
   [2] EVENT:None Entity:(2:pos:(5210,3613,820),dir:(-67,-74,0),spd:0

2021-05-13 12:24:35,603 [ 1] INFO  Unity: OnEntityChange: EntityID:2 Pos:SkillBridge.Message.NVector3 Dir:SkillBridge.Message.NVector3
2021-05-13 12:24:35,604 [ 1] INFO  Unity: MapEntitySyncResponse: NumOfEntity:1
   [2] EVENT:None Entity:(2:pos:(5210,3613,820),dir:(-79,-61,0),spd:0

2021-05-13 12:24:35,704 [ 1] INFO  Unity: OnEntityChange: EntityID:2 Pos:SkillBridge.Message.NVector3 Dir:SkillBridge.Message.NVector3
2021-05-13 12:24:35,704 [ 1] INFO  Unity: MapEntitySyncResponse: NumOfEntity:1
   [2] EVENT:None Entity:(2:pos:(5210,3613,820),dir:(-90,-43,0),spd:0

2021-05-13 12:24:35,803 [ 1] INFO  Unity: OnEntityChange: EntityID:2 Pos:SkillBridge.Message.NVector3 Dir:SkillBridge.Message.NVector3
2021-05-13 12:24:35,804 [ 1] INFO  Unity: MapEntitySyncResponse: NumOfEntity:1
   [2] EVENT:None Entity:(2:pos:(5210,3613,820),dir:(-97,-24,0),spd:0

2021-05-13 12:24:35,886 [ 1] INFO  Unity: OnEntityChange: EntityID:2 Pos:SkillBridge.Message.NVector3 Dir:SkillBridge.Message.NVector3
2021-05-13 12:24:35,886 [ 1] INFO  Unity: MapEntitySyncResponse: NumOfEntity:1
   [2] EVENT:None Entity:(2:pos:(5210,3613,820),dir:(-100,-7,0),spd:0

2021-05-13 12:24:35,969 [ 1] INFO  Unity: OnEntityChange: EntityID:2 Pos:SkillBridge.Message.NVector3 Dir:SkillBridge.Message.NVector3
2021-05-13 12:24:35,970 [ 1] INFO  Unity: MapEntitySyncResponse: NumOfEntity:1
   [2] EVENT:None Entity:(2:pos:(5210,3613,820),dir:(-99,11,0),spd:0

2021-05-13 12:24:36,068 [ 1] INFO  Unity: OnEntityChange: EntityID:2 Pos:SkillBridge.Message.NVector3 Dir:SkillBridge.Message.NVector3
2021-05-13 12:24:36,070 [ 1] INFO  Unity: MapEntitySyncResponse: NumOfEntity:1
   [2] EVENT:None Entity:(2:pos:(5210,3613,820),dir:(-95,31,0),spd:0

2021-05-13 12:24:36,151 [ 1] INFO  Unity: OnEntityChange: EntityID:2 Pos:SkillBridge.Message.NVector3 Dir:SkillBridge.Message.NVector3
2021-05-13 12:24:36,153 [ 1] INFO  Unity: MapEntitySyncResponse: NumOfEntity:1
   [2] EVENT:None Entity:(2:pos:(5210,3613,820),dir:(-88,47,0),spd:0

2021-05-13 12:24:36,233 [ 1] INFO  Unity: OnEntityChange: EntityID:2 Pos:SkillBridge.Message.NVector3 Dir:SkillBridge.Message.NVector3
2021-05-13 12:24:36,234 [ 1] INFO  Unity: MapEntitySyncResponse: NumOfEntity:1
   [2] EVENT:None Entity:(2:pos:(5210,3613,820),dir:(-79,62,0),spd:0

2021-05-13 12:24:36,317 [ 1] INFO  Unity: OnEntityChange: EntityID:2 Pos:SkillBridge.Message.NVector3 Dir:SkillBridge.Message.NVector3
2021-05-13 12:24:36,317 [ 1] INFO  Unity: MapEntitySyncResponse: NumOfEntity:1
   [2] EVENT:None Entity:(2:pos:(5210,3613,820),dir:(-67,75,0),spd:0

2021-05-13 12:24:36,399 [ 1] INFO  Unity: OnEntityChange: EntityID:2 Pos:SkillBridge.Message.NVector3 Dir:SkillBridge.Message.NVector3
2021-05-13 12:24:36,400 [ 1] INFO  Unity: MapEntitySyncResponse: NumOfEntity:1
   [2] EVENT:None Entity:(2:pos:(5210,3613,820),dir:(-53,85,0),spd:0

2021-05-13 12:24:36,483 [ 1] INFO  Unity: OnEntityChange: EntityID:2 Pos:SkillBridge.Message.NVector3 Dir:SkillBridge.Message.NVector3
2021-05-13 12:24:36,483 [ 1] INFO  Unity: MapEntitySyncResponse: NumOfEntity:1
   [2] EVENT:None Entity:(2:pos:(5210,3613,820),dir:(-37,93,0),spd:0

2021-05-13 12:24:36,581 [ 1] INFO  Unity: OnEntityChange: EntityID:2 Pos:SkillBridge.Message.NVector3 Dir:SkillBridge.Message.NVector3
2021-05-13 12:24:36,581 [ 1] INFO  Unity: MapEntitySyncResponse: NumOfEntity:1
   [2] EVENT:None Entity:(2:pos:(5210,3613,820),dir:(-19,98,0),spd:0

2021-05-13 12:24:36,796 [ 1] INFO  Unity: OnEntityChange: EntityID:2 Pos:SkillBridge.Message.NVector3 Dir:SkillBridge.Message.NVector3
2021-05-13 12:24:36,797 [ 1] INFO  Unity: MapEntitySyncResponse: NumOfEntity:1
   [2] EVENT:None Entity:(2:pos:(5210,3613,820),dir:(-1,100,0),spd:0

2021-05-13 12:24:42,047 [ 1] INFO  Unity: MoveForward
2021-05-13 12:24:42,047 [ 1] INFO  Unity: MapEntitySnc Request: Entity ID:1 Pos:SkillBridge.Message.NVector3 Dir:SkillBridge.Message.NVector3 Spd:300 Event:MoveFwd
2021-05-13 12:24:42,428 [ 1] INFO  Unity: Stop
2021-05-13 12:24:42,428 [ 1] INFO  Unity: MapEntitySnc Request: Entity ID:1 Pos:SkillBridge.Message.NVector3 Dir:SkillBridge.Message.NVector3 Spd:0 Event:Idle
2021-05-13 12:24:42,957 [ 1] INFO  Unity: SetDirection:(-88, -48, 0)
2021-05-13 12:24:42,958 [ 1] INFO  Unity: MapEntitySnc Request: Entity ID:1 Pos:SkillBridge.Message.NVector3 Dir:SkillBridge.Message.NVector3 Spd:0 Event:None
2021-05-13 12:24:43,039 [ 1] INFO  Unity: SetDirection:(-78, -63, 0)
2021-05-13 12:24:43,040 [ 1] INFO  Unity: MapEntitySnc Request: Entity ID:1 Pos:SkillBridge.Message.NVector3 Dir:SkillBridge.Message.NVector3 Spd:0 Event:None
2021-05-13 12:24:43,123 [ 1] INFO  Unity: SetDirection:(-66, -75, 0)
2021-05-13 12:24:43,124 [ 1] INFO  Unity: MapEntitySnc Request: Entity ID:1 Pos:SkillBridge.Message.NVector3 Dir:SkillBridge.Message.NVector3 Spd:0 Event:None
2021-05-13 12:24:43,206 [ 1] INFO  Unity: SetDirection:(-52, -86, 0)
2021-05-13 12:24:43,206 [ 1] INFO  Unity: MapEntitySnc Request: Entity ID:1 Pos:SkillBridge.Message.NVector3 Dir:SkillBridge.Message.NVector3 Spd:0 Event:None
2021-05-13 12:24:43,289 [ 1] INFO  Unity: SetDirection:(-36, -93, 0)
2021-05-13 12:24:43,289 [ 1] INFO  Unity: MapEntitySnc Request: Entity ID:1 Pos:SkillBridge.Message.NVector3 Dir:SkillBridge.Message.NVector3 Spd:0 Event:None
2021-05-13 12:24:43,388 [ 1] INFO  Unity: SetDirection:(-18, -98, 0)
2021-05-13 12:24:43,389 [ 1] INFO  Unity: MapEntitySnc Request: Entity ID:1 Pos:SkillBridge.Message.NVector3 Dir:SkillBridge.Message.NVector3 Spd:0 Event:None
2021-05-13 12:24:43,587 [ 1] INFO  Unity: SetDirection:(0, -100, 0)
2021-05-13 12:24:43,587 [ 1] INFO  Unity: MapEntitySnc Request: Entity ID:1 Pos:SkillBridge.Message.NVector3 Dir:SkillBridge.Message.NVector3 Spd:0 Event:None
2021-05-13 12:24:48,905 [ 1] INFO  Unity: OnEntityChange: EntityID:2 Pos:SkillBridge.Message.NVector3 Dir:SkillBridge.Message.NVector3
2021-05-13 12:24:48,905 [ 1] INFO  Unity: MapEntitySyncResponse: NumOfEntity:1
   [2] EVENT:MoveFwd Entity:(2:pos:(5210,3613,820),dir:(-1,100,0),spd:300

2021-05-13 12:24:48,906 [ 1] INFO  Unity: OnFriendList
2021-05-13 12:24:49,336 [ 1] INFO  Unity: OnEntityChange: EntityID:2 Pos:SkillBridge.Message.NVector3 Dir:SkillBridge.Message.NVector3
2021-05-13 12:24:49,337 [ 1] INFO  Unity: MapEntitySyncResponse: NumOfEntity:1
   [2] EVENT:None Entity:(2:pos:(5210,3743,820),dir:(-19,98,0),spd:300

2021-05-13 12:24:49,435 [ 1] INFO  Unity: OnEntityChange: EntityID:2 Pos:SkillBridge.Message.NVector3 Dir:SkillBridge.Message.NVector3
2021-05-13 12:24:49,435 [ 1] INFO  Unity: MapEntitySyncResponse: NumOfEntity:1
   [2] EVENT:None Entity:(2:pos:(5204,3773,820),dir:(-37,93,0),spd:300

2021-05-13 12:24:49,551 [ 1] INFO  Unity: OnEntityChange: EntityID:2 Pos:SkillBridge.Message.NVector3 Dir:SkillBridge.Message.NVector3
2021-05-13 12:24:49,552 [ 1] INFO  Unity: MapEntitySyncResponse: NumOfEntity:1
   [2] EVENT:None Entity:(2:pos:(5192,3803,820),dir:(-55,83,0),spd:300

2021-05-13 12:24:49,617 [ 1] INFO  Unity: OnEntityChange: EntityID:2 Pos:SkillBridge.Message.NVector3 Dir:SkillBridge.Message.NVector3
2021-05-13 12:24:49,618 [ 1] INFO  Unity: MapEntitySyncResponse: NumOfEntity:1
   [2] EVENT:None Entity:(2:pos:(5177,3823,820),dir:(-69,72,0),spd:300

2021-05-13 12:24:49,718 [ 1] INFO  Unity: OnEntityChange: EntityID:2 Pos:SkillBridge.Message.NVector3 Dir:SkillBridge.Message.NVector3
2021-05-13 12:24:49,718 [ 1] INFO  Unity: MapEntitySyncResponse: NumOfEntity:1
   [2] EVENT:None Entity:(2:pos:(5159,3847,820),dir:(-82,58,0),spd:300

2021-05-13 12:24:49,900 [ 1] INFO  Unity: OnEntityChange: EntityID:2 Pos:SkillBridge.Message.NVector3 Dir:SkillBridge.Message.NVector3
2021-05-13 12:24:49,900 [ 1] INFO  Unity: MapEntitySyncResponse: NumOfEntity:1
   [2] EVENT:None Entity:(2:pos:(5119,3877,820),dir:(-91,42,0),spd:300

2021-05-13 12:24:50,777 [ 1] INFO  Unity: OnEntityChange: EntityID:2 Pos:SkillBridge.Message.NVector3 Dir:SkillBridge.Message.NVector3
2021-05-13 12:24:50,778 [ 1] INFO  Unity: MapEntitySyncResponse: NumOfEntity:1
   [2] EVENT:None Entity:(2:pos:(4854,3983,820),dir:(-81,58,0),spd:300

2021-05-13 12:24:50,877 [ 1] INFO  Unity: OnEntityChange: EntityID:2 Pos:SkillBridge.Message.NVector3 Dir:SkillBridge.Message.NVector3
2021-05-13 12:24:50,878 [ 1] INFO  Unity: MapEntitySyncResponse: NumOfEntity:1
   [2] EVENT:None Entity:(2:pos:(4830,4001,820),dir:(-69,72,0),spd:300

2021-05-13 12:24:50,960 [ 1] INFO  Unity: OnEntityChange: EntityID:2 Pos:SkillBridge.Message.NVector3 Dir:SkillBridge.Message.NVector3
2021-05-13 12:24:50,960 [ 1] INFO  Unity: MapEntitySyncResponse: NumOfEntity:1
   [2] EVENT:None Entity:(2:pos:(4815,4021,820),dir:(-55,83,0),spd:300

2021-05-13 12:24:51,058 [ 1] INFO  Unity: OnEntityChange: EntityID:2 Pos:SkillBridge.Message.NVector3 Dir:SkillBridge.Message.NVector3
2021-05-13 12:24:51,059 [ 1] INFO  Unity: MapEntitySyncResponse: NumOfEntity:1
   [2] EVENT:None Entity:(2:pos:(4797,4045,820),dir:(-39,92,0),spd:300

2021-05-13 12:24:51,226 [ 1] INFO  Unity: OnEntityChange: EntityID:2 Pos:SkillBridge.Message.NVector3 Dir:SkillBridge.Message.NVector3
2021-05-13 12:24:51,226 [ 1] INFO  Unity: MapEntitySyncResponse: NumOfEntity:1
   [2] EVENT:None Entity:(2:pos:(4777,4095,820),dir:(-22,98,0),spd:300

2021-05-13 12:24:51,358 [ 1] INFO  Unity: OnEntityChange: EntityID:2 Pos:SkillBridge.Message.NVector3 Dir:SkillBridge.Message.NVector3
2021-05-13 12:24:51,358 [ 1] INFO  Unity: MapEntitySyncResponse: NumOfEntity:1
   [2] EVENT:None Entity:(2:pos:(4769,4135,820),dir:(-3,100,0),spd:300

2021-05-13 12:24:51,457 [ 1] INFO  Unity: OnEntityChange: EntityID:2 Pos:SkillBridge.Message.NVector3 Dir:SkillBridge.Message.NVector3
2021-05-13 12:24:51,457 [ 1] INFO  Unity: MapEntitySyncResponse: NumOfEntity:1
   [2] EVENT:None Entity:(2:pos:(4769,4165,820),dir:(17,99,0),spd:300

2021-05-13 12:24:51,556 [ 1] INFO  Unity: OnEntityChange: EntityID:2 Pos:SkillBridge.Message.NVector3 Dir:SkillBridge.Message.NVector3
2021-05-13 12:24:51,557 [ 1] INFO  Unity: MapEntitySyncResponse: NumOfEntity:1
   [2] EVENT:None Entity:(2:pos:(4775,4195,820),dir:(37,93,0),spd:300

2021-05-13 12:24:51,638 [ 1] INFO  Unity: OnEntityChange: EntityID:2 Pos:SkillBridge.Message.NVector3 Dir:SkillBridge.Message.NVector3
2021-05-13 12:24:51,639 [ 1] INFO  Unity: MapEntitySyncResponse: NumOfEntity:1
   [2] EVENT:None Entity:(2:pos:(4785,4220,820),dir:(53,85,0),spd:300

2021-05-13 12:24:51,672 [ 1] INFO  Unity: OnEntityChange: EntityID:2 Pos:SkillBridge.Message.NVector3 Dir:SkillBridge.Message.NVector3
2021-05-13 12:24:51,672 [ 1] INFO  Unity: MapEntitySyncResponse: NumOfEntity:1
   [2] EVENT:Idle Entity:(2:pos:(4788,4224,820),dir:(53,85,0),spd:0

2021-05-13 12:24:51,739 [ 1] INFO  Unity: OnEntityChange: EntityID:2 Pos:SkillBridge.Message.NVector3 Dir:SkillBridge.Message.NVector3
2021-05-13 12:24:51,739 [ 1] INFO  Unity: MapEntitySyncResponse: NumOfEntity:1
   [2] EVENT:None Entity:(2:pos:(4788,4224,820),dir:(69,72,0),spd:0

2021-05-13 12:24:51,838 [ 1] INFO  Unity: OnEntityChange: EntityID:2 Pos:SkillBridge.Message.NVector3 Dir:SkillBridge.Message.NVector3
2021-05-13 12:24:51,838 [ 1] INFO  Unity: MapEntitySyncResponse: NumOfEntity:1
   [2] EVENT:None Entity:(2:pos:(4788,4224,820),dir:(83,56,0),spd:0

2021-05-13 12:24:51,938 [ 1] INFO  Unity: OnEntityChange: EntityID:2 Pos:SkillBridge.Message.NVector3 Dir:SkillBridge.Message.NVector3
2021-05-13 12:24:51,938 [ 1] INFO  Unity: MapEntitySyncResponse: NumOfEntity:1
   [2] EVENT:None Entity:(2:pos:(4788,4224,820),dir:(93,38,0),spd:0

2021-05-13 12:24:52,037 [ 1] INFO  Unity: OnEntityChange: EntityID:2 Pos:SkillBridge.Message.NVector3 Dir:SkillBridge.Message.NVector3
2021-05-13 12:24:52,037 [ 1] INFO  Unity: MapEntitySyncResponse: NumOfEntity:1
   [2] EVENT:None Entity:(2:pos:(4788,4224,820),dir:(98,18,0),spd:0

2021-05-13 12:24:52,119 [ 1] INFO  Unity: OnEntityChange: EntityID:2 Pos:SkillBridge.Message.NVector3 Dir:SkillBridge.Message.NVector3
2021-05-13 12:24:52,119 [ 1] INFO  Unity: MapEntitySyncResponse: NumOfEntity:1
   [2] EVENT:None Entity:(2:pos:(4788,4224,820),dir:(100,0,0),spd:0

2021-05-13 12:24:52,169 [ 1] INFO  Unity: OnEntityChange: EntityID:2 Pos:SkillBridge.Message.NVector3 Dir:SkillBridge.Message.NVector3
2021-05-13 12:24:52,169 [ 1] INFO  Unity: MapEntitySyncResponse: NumOfEntity:1
   [2] EVENT:MoveFwd Entity:(2:pos:(4788,4224,820),dir:(100,0,0),spd:300

2021-05-13 12:24:52,219 [ 1] INFO  Unity: OnEntityChange: EntityID:2 Pos:SkillBridge.Message.NVector3 Dir:SkillBridge.Message.NVector3
2021-05-13 12:24:52,219 [ 1] INFO  Unity: MapEntitySyncResponse: NumOfEntity:1
   [2] EVENT:None Entity:(2:pos:(4803,4224,820),dir:(98,-20,0),spd:300

2021-05-13 12:24:52,302 [ 1] INFO  Unity: OnEntityChange: EntityID:2 Pos:SkillBridge.Message.NVector3 Dir:SkillBridge.Message.NVector3
2021-05-13 12:24:52,302 [ 1] INFO  Unity: MapEntitySyncResponse: NumOfEntity:1
   [2] EVENT:None Entity:(2:pos:(4828,4219,820),dir:(93,-37,0),spd:300

2021-05-13 12:24:52,384 [ 1] INFO  Unity: OnEntityChange: EntityID:2 Pos:SkillBridge.Message.NVector3 Dir:SkillBridge.Message.NVector3
2021-05-13 12:24:52,384 [ 1] INFO  Unity: MapEntitySyncResponse: NumOfEntity:1
   [2] EVENT:None Entity:(2:pos:(4853,4209,820),dir:(85,-53,0),spd:300

2021-05-13 12:24:52,483 [ 1] INFO  Unity: OnEntityChange: EntityID:2 Pos:SkillBridge.Message.NVector3 Dir:SkillBridge.Message.NVector3
2021-05-13 12:24:52,484 [ 1] INFO  Unity: MapEntitySyncResponse: NumOfEntity:1
   [2] EVENT:None Entity:(2:pos:(4877,4191,820),dir:(72,-69,0),spd:300

2021-05-13 12:24:52,583 [ 1] INFO  Unity: OnEntityChange: EntityID:2 Pos:SkillBridge.Message.NVector3 Dir:SkillBridge.Message.NVector3
2021-05-13 12:24:52,584 [ 1] INFO  Unity: MapEntitySyncResponse: NumOfEntity:1
   [2] EVENT:None Entity:(2:pos:(4901,4173,820),dir:(56,-83,0),spd:300

2021-05-13 12:24:52,682 [ 1] INFO  Unity: OnEntityChange: EntityID:2 Pos:SkillBridge.Message.NVector3 Dir:SkillBridge.Message.NVector3
2021-05-13 12:24:52,683 [ 1] INFO  Unity: MapEntitySyncResponse: NumOfEntity:1
   [2] EVENT:None Entity:(2:pos:(4919,4149,820),dir:(38,-93,0),spd:300

2021-05-13 12:24:52,782 [ 1] INFO  Unity: OnEntityChange: EntityID:2 Pos:SkillBridge.Message.NVector3 Dir:SkillBridge.Message.NVector3
2021-05-13 12:24:52,782 [ 1] INFO  Unity: MapEntitySyncResponse: NumOfEntity:1
   [2] EVENT:None Entity:(2:pos:(4931,4119,820),dir:(20,-98,0),spd:300

2021-05-13 12:24:53,792 [ 1] INFO  Unity: OnEntityChange: EntityID:2 Pos:SkillBridge.Message.NVector3 Dir:SkillBridge.Message.NVector3
2021-05-13 12:24:53,793 [ 1] INFO  Unity: MapEntitySyncResponse: NumOfEntity:1
   [2] EVENT:None Entity:(2:pos:(4990,3824,820),dir:(37,-93,0),spd:300

2021-05-13 12:24:53,875 [ 1] INFO  Unity: OnEntityChange: EntityID:2 Pos:SkillBridge.Message.NVector3 Dir:SkillBridge.Message.NVector3
2021-05-13 12:24:53,875 [ 1] INFO  Unity: MapEntitySyncResponse: NumOfEntity:1
   [2] EVENT:None Entity:(2:pos:(5000,3799,820),dir:(53,-85,0),spd:300

2021-05-13 12:24:53,975 [ 1] INFO  Unity: OnEntityChange: EntityID:2 Pos:SkillBridge.Message.NVector3 Dir:SkillBridge.Message.NVector3
2021-05-13 12:24:53,975 [ 1] INFO  Unity: MapEntitySyncResponse: NumOfEntity:1
   [2] EVENT:None Entity:(2:pos:(5018,3775,820),dir:(69,-72,0),spd:300

2021-05-13 12:24:54,074 [ 1] INFO  Unity: OnEntityChange: EntityID:2 Pos:SkillBridge.Message.NVector3 Dir:SkillBridge.Message.NVector3
2021-05-13 12:24:54,075 [ 1] INFO  Unity: MapEntitySyncResponse: NumOfEntity:1
   [2] EVENT:None Entity:(2:pos:(5036,3751,820),dir:(82,-57,0),spd:300

2021-05-13 12:24:54,189 [ 1] INFO  Unity: OnEntityChange: EntityID:2 Pos:SkillBridge.Message.NVector3 Dir:SkillBridge.Message.NVector3
2021-05-13 12:24:54,190 [ 1] INFO  Unity: MapEntitySyncResponse: NumOfEntity:1
   [2] EVENT:None Entity:(2:pos:(5064,3730,820),dir:(91,-42,0),spd:300

2021-05-13 12:24:54,405 [ 1] INFO  Unity: OnEntityChange: EntityID:2 Pos:SkillBridge.Message.NVector3 Dir:SkillBridge.Message.NVector3
2021-05-13 12:24:54,406 [ 1] INFO  Unity: MapEntitySyncResponse: NumOfEntity:1
   [2] EVENT:Idle Entity:(2:pos:(5129,3704,820),dir:(91,-42,0),spd:0

2021-05-13 12:24:55,250 [ 1] INFO  Unity: OnEntityChange: EntityID:2 Pos:SkillBridge.Message.NVector3 Dir:SkillBridge.Message.NVector3
2021-05-13 12:24:55,251 [ 1] INFO  Unity: MapEntitySyncResponse: NumOfEntity:1
   [2] EVENT:None Entity:(2:pos:(5129,3704,820),dir:(97,-24,0),spd:0

2021-05-13 12:24:55,382 [ 1] INFO  Unity: OnEntityChange: EntityID:2 Pos:SkillBridge.Message.NVector3 Dir:SkillBridge.Message.NVector3
2021-05-13 12:24:55,383 [ 1] INFO  Unity: MapEntitySyncResponse: NumOfEntity:1
   [2] EVENT:None Entity:(2:pos:(5129,3704,820),dir:(100,-4,0),spd:0

2021-05-13 12:24:55,482 [ 1] INFO  Unity: OnEntityChange: EntityID:2 Pos:SkillBridge.Message.NVector3 Dir:SkillBridge.Message.NVector3
2021-05-13 12:24:55,482 [ 1] INFO  Unity: MapEntitySyncResponse: NumOfEntity:1
   [2] EVENT:None Entity:(2:pos:(5129,3704,820),dir:(99,17,0),spd:0

2021-05-13 12:24:55,582 [ 1] INFO  Unity: OnEntityChange: EntityID:2 Pos:SkillBridge.Message.NVector3 Dir:SkillBridge.Message.NVector3
2021-05-13 12:24:55,582 [ 1] INFO  Unity: MapEntitySyncResponse: NumOfEntity:1
   [2] EVENT:None Entity:(2:pos:(5129,3704,820),dir:(93,37,0),spd:0

2021-05-13 12:24:55,680 [ 1] INFO  Unity: OnEntityChange: EntityID:2 Pos:SkillBridge.Message.NVector3 Dir:SkillBridge.Message.NVector3
2021-05-13 12:24:55,681 [ 1] INFO  Unity: MapEntitySyncResponse: NumOfEntity:1
   [2] EVENT:None Entity:(2:pos:(5129,3704,820),dir:(83,55,0),spd:0

2021-05-13 12:24:55,797 [ 1] INFO  Unity: OnEntityChange: EntityID:2 Pos:SkillBridge.Message.NVector3 Dir:SkillBridge.Message.NVector3
2021-05-13 12:24:55,798 [ 1] INFO  Unity: MapEntitySyncResponse: NumOfEntity:1
   [2] EVENT:None Entity:(2:pos:(5129,3704,820),dir:(70,71,0),spd:0

2021-05-13 12:24:55,913 [ 1] INFO  Unity: OnEntityChange: EntityID:2 Pos:SkillBridge.Message.NVector3 Dir:SkillBridge.Message.NVector3
2021-05-13 12:24:55,914 [ 1] INFO  Unity: MapEntitySyncResponse: NumOfEntity:1
   [2] EVENT:None Entity:(2:pos:(5129,3704,820),dir:(56,83,0),spd:0

2021-05-13 12:25:12,962 [ 1] INFO  Unity: ProcessReceive exception:System.Net.Sockets.SocketException: An existing connection was forcibly closed by the remote host.

  at System.Net.Sockets.Socket.Receive (System.Byte[] buffer, Int32 offset, Int32 size, SocketFlags flags) [0x00000] in <filename unknown>:0 
  at Network.NetClient.ProcessRecv () [0x00084] in C:\Users\mxt62\OneDrive\Documents\GitHub\Fantasy-World\Src\Client\Assets\Scripts\Network\NetClient.cs:336 

2021-05-13 12:25:12,962 [ 1] WARN  Unity: CloseConnection(), errorCode: 1001
UnityEngine.Debug:LogWarning(Object)
Network.NetClient:CloseConnection(Int32) (at Assets/Scripts/Network/NetClient.cs:176)
Network.NetClient:ProcessRecv() (at Assets/Scripts/Network/NetClient.cs:350)
Network.NetClient:Update() (at Assets/Scripts/Network/NetClient.cs:430)

2021-05-13 12:25:12,976 [ 1] INFO  Unity: DoConnect
2021-05-13 12:25:12,977 [ 1] INFO  Unity: NetClient.DoConnect on 127.0.0.1:8000
2021-05-13 12:25:12,978 [ 1] INFO  Unity: Connect[0] to server 127.0.0.1:8000

2021-05-13 12:25:15,018 [ 1] WARN  Unity: CloseConnection(), errorCode: 1005
UnityEngine.Debug:LogWarning(Object)
Network.NetClient:CloseConnection(Int32) (at Assets/Scripts/Network/NetClient.cs:176)
Network.NetClient:DoConnect() (at Assets/Scripts/Network/NetClient.cs:270)
Network.NetClient:Connect(Int32) (at Assets/Scripts/Network/NetClient.cs:165)
Network.NetClient:KeepConnect() (at Assets/Scripts/Network/NetClient.cs:311)
Network.NetClient:Update() (at Assets/Scripts/Network/NetClient.cs:428)

2021-05-13 12:25:15,019 [ 1] ERROR Unity: DoConnect SocketException:[10061,ConnectionRefused,10061]System.Net.Sockets.SocketException: No connection could be made because the target machine actively refused it.

  at System.Net.Sockets.Socket.Connect (System.Net.EndPoint remoteEP, Boolean requireSocketPolicy) [0x00000] in <filename unknown>:0 
  at System.Net.Sockets.Socket+Worker.Connect () [0x00000] in <filename unknown>:0  
UnityEngine.Debug:LogErrorFormat(String, Object[])
Network.NetClient:DoConnect() (at Assets/Scripts/Network/NetClient.cs:272)
Network.NetClient:Connect(Int32) (at Assets/Scripts/Network/NetClient.cs:165)
Network.NetClient:KeepConnect() (at Assets/Scripts/Network/NetClient.cs:311)
Network.NetClient:Update() (at Assets/Scripts/Network/NetClient.cs:428)

2021-05-13 12:25:15,086 [ 1] INFO  Unity: DoConnect
2021-05-13 12:25:15,086 [ 1] INFO  Unity: NetClient.DoConnect on 127.0.0.1:8000
2021-05-13 12:25:15,087 [ 1] INFO  Unity: Connect[1] to server 127.0.0.1:8000

2021-05-13 12:25:17,108 [ 1] WARN  Unity: CloseConnection(), errorCode: 1005
UnityEngine.Debug:LogWarning(Object)
Network.NetClient:CloseConnection(Int32) (at Assets/Scripts/Network/NetClient.cs:176)
Network.NetClient:DoConnect() (at Assets/Scripts/Network/NetClient.cs:270)
Network.NetClient:Connect(Int32) (at Assets/Scripts/Network/NetClient.cs:165)
Network.NetClient:KeepConnect() (at Assets/Scripts/Network/NetClient.cs:311)
Network.NetClient:Update() (at Assets/Scripts/Network/NetClient.cs:428)

2021-05-13 12:25:17,109 [ 1] ERROR Unity: DoConnect SocketException:[10061,ConnectionRefused,10061]System.Net.Sockets.SocketException: No connection could be made because the target machine actively refused it.

  at System.Net.Sockets.Socket.Connect (System.Net.EndPoint remoteEP, Boolean requireSocketPolicy) [0x00000] in <filename unknown>:0 
  at System.Net.Sockets.Socket+Worker.Connect () [0x00000] in <filename unknown>:0  
UnityEngine.Debug:LogErrorFormat(String, Object[])
Network.NetClient:DoConnect() (at Assets/Scripts/Network/NetClient.cs:272)
Network.NetClient:Connect(Int32) (at Assets/Scripts/Network/NetClient.cs:165)
Network.NetClient:KeepConnect() (at Assets/Scripts/Network/NetClient.cs:311)
Network.NetClient:Update() (at Assets/Scripts/Network/NetClient.cs:428)

2021-05-13 12:25:17,151 [ 1] INFO  Unity: DoConnect
2021-05-13 12:25:17,151 [ 1] INFO  Unity: NetClient.DoConnect on 127.0.0.1:8000
2021-05-13 12:25:17,152 [ 1] INFO  Unity: Connect[2] to server 127.0.0.1:8000

2021-05-13 12:25:19,176 [ 1] WARN  Unity: CloseConnection(), errorCode: 1005
UnityEngine.Debug:LogWarning(Object)
Network.NetClient:CloseConnection(Int32) (at Assets/Scripts/Network/NetClient.cs:176)
Network.NetClient:DoConnect() (at Assets/Scripts/Network/NetClient.cs:270)
Network.NetClient:Connect(Int32) (at Assets/Scripts/Network/NetClient.cs:165)
Network.NetClient:KeepConnect() (at Assets/Scripts/Network/NetClient.cs:311)
Network.NetClient:Update() (at Assets/Scripts/Network/NetClient.cs:428)

2021-05-13 12:25:19,177 [ 1] ERROR Unity: DoConnect SocketException:[10061,ConnectionRefused,10061]System.Net.Sockets.SocketException: No connection could be made because the target machine actively refused it.

  at System.Net.Sockets.Socket.Connect (System.Net.EndPoint remoteEP, Boolean requireSocketPolicy) [0x00000] in <filename unknown>:0 
  at System.Net.Sockets.Socket+Worker.Connect () [0x00000] in <filename unknown>:0  
UnityEngine.Debug:LogErrorFormat(String, Object[])
Network.NetClient:DoConnect() (at Assets/Scripts/Network/NetClient.cs:272)
Network.NetClient:Connect(Int32) (at Assets/Scripts/Network/NetClient.cs:165)
Network.NetClient:KeepConnect() (at Assets/Scripts/Network/NetClient.cs:311)
Network.NetClient:Update() (at Assets/Scripts/Network/NetClient.cs:428)

2021-05-13 12:25:19,177 [ 1] INFO  Unity: LoadingMesager::OnGameServerConnect :1 reason:Cannot connect to server
2021-05-13 12:25:19,238 [ 1] INFO  Unity: Character_1_Elf OnDestroy: ID: 1 Position: (5220, 3952, 820) Direction: (0, -100, 0) Speed: 0
2021-05-13 12:25:19,238 [ 1] INFO  Unity: Character_2_Old Bear OnDestroy: ID: 2 Position: (5129, 3704, 820) Direction: (56, 83, 0) Speed: 0
2021-05-13 12:25:19,240 [ 1] INFO  Unity: OnDestroy NetworkManager.
2021-05-13 12:25:19,241 [ 1] WARN  Unity: CloseConnection(), errorCode: 1007
UnityEngine.Debug:LogWarning(Object)
Network.NetClient:CloseConnection(Int32) (at Assets/Scripts/Network/NetClient.cs:176)
Network.NetClient:OnDestroy() (at Assets/Scripts/Network/NetClient.cs:171)

